生成启动时间为 2011/12/17 23:44:36。
     1>项目“E:\HoneyBadger\git\Client\LibRsyncDll\LibRsyncDll\LibRsyncDll.vcxproj”在节点 2 上(rebuild 个目标)。
     1>_PrepareForClean:
         正在删除文件“Debug\LibRsyncDll.lastbuildstate”。
       InitializeBuildStatus:
         正在创建“Debug\LibRsyncDll.unsuccessfulbuild”，因为已指定“AlwaysCreate”。
       ClCompile:
         C:\Program Files (x86)\Microsoft Visual Studio 10.0\VC\bin\CL.exe /c /ZI /nologo /W3 /WX- /Od /Oy- /D WIN32 /D _DEBUG /D _WINDOWS /D _USRDLL /D LIBRSYNCDLL_EXPORTS /D _WINDLL /D _UNICODE /D UNICODE /Gm /EHsc /RTC1 /MTd /GS /fp:precise /Zc:wchar_t /Zc:forScope /Yc"StdAfx.h" /Fp"Debug\LibRsyncDll.pch" /Fo"Debug\\" /Fd"Debug\vc100.pdb" /Gd /TP /analyze- /errorReport:prompt stdafx.cpp
         stdafx.cpp
         C:\Program Files (x86)\Microsoft Visual Studio 10.0\VC\bin\CL.exe /c /ZI /nologo /W3 /WX- /Od /Oy- /D WIN32 /D _DEBUG /D _WINDOWS /D _USRDLL /D LIBRSYNCDLL_EXPORTS /D _WINDLL /D _UNICODE /D UNICODE /Gm /EHsc /RTC1 /MTd /GS /fp:precise /Zc:wchar_t /Zc:forScope /Fo"Debug\\" /Fd"Debug\vc100.pdb" /Gd /TP /analyze- /errorReport:prompt dllmain.cpp
         dllmain.cpp
         C:\Program Files (x86)\Microsoft Visual Studio 10.0\VC\bin\CL.exe /c /ZI /nologo /W3 /WX- /Od /Oy- /D WIN32 /D _DEBUG /D _WINDOWS /D _USRDLL /D LIBRSYNCDLL_EXPORTS /D _WINDLL /D _UNICODE /D UNICODE /Gm /EHsc /RTC1 /MTd /GS /fp:precise /Zc:wchar_t /Zc:forScope /Yu"StdAfx.h" /Fp"Debug\LibRsyncDll.pch" /Fo"Debug\\" /Fd"Debug\vc100.pdb" /Gd /TP /analyze- /errorReport:prompt FileUtil.cpp LibRsyncDll.cpp
         LibRsyncDll.cpp
         FileUtil.cpp
     1>e:\honeybadger\git\client\librsyncdll\librsyncdll\fileutil.cpp(30): warning C4996: 'fopen': This function or variable may be unsafe. Consider using fopen_s instead. To disable deprecation, use _CRT_SECURE_NO_WARNINGS. See online help for details.
                 c:\program files (x86)\microsoft visual studio 10.0\vc\include\stdio.h(234) : 参见“fopen”的声明
         正在生成代码...
       ManifestResourceCompile:
         C:\Program Files (x86)\Microsoft SDKs\Windows\v7.0A\bin\rc.exe /nologo /fo"Debug\LibRsyncDll.dll.embed.manifest.res" Debug\LibRsyncDll_manifest.rc 
       Link:
         C:\Program Files (x86)\Microsoft Visual Studio 10.0\VC\bin\link.exe /ERRORREPORT:PROMPT /OUT:"E:\HoneyBadger\git\Client\SyncClient\Debug\LibRsyncDll.dll" /INCREMENTAL /NOLOGO rdiff.lib kernel32.lib user32.lib gdi32.lib winspool.lib comdlg32.lib advapi32.lib shell32.lib ole32.lib oleaut32.lib uuid.lib odbc32.lib odbccp32.lib /DEF:"LibRsyncDll.def" /MANIFEST /ManifestFile:"Debug\LibRsyncDll.dll.intermediate.manifest" /MANIFESTUAC:"level='asInvoker' uiAccess='false'" /DEBUG /PDB:"E:\HoneyBadger\git\Client\SyncClient\Debug\LibRsyncDll.pdb" /SUBSYSTEM:WINDOWS /TLBID:1 /DYNAMICBASE /NXCOMPAT /IMPLIB:"E:\HoneyBadger\git\Client\SyncClient\Debug\LibRsyncDll.lib" /MACHINE:X86 /DLL Debug\LibRsyncDll.dll.embed.manifest.res
         Debug\dllmain.obj
         Debug\FileUtil.obj
         Debug\LibRsyncDll.obj
         Debug\stdafx.obj
            正在创建库 E:\HoneyBadger\git\Client\SyncClient\Debug\LibRsyncDll.lib 和对象 E:\HoneyBadger\git\Client\SyncClient\Debug\LibRsyncDll.exp
     1>rdiff.lib(buf.obj) : warning LNK4099: 未找到 PDB“vc90.pdb”(使用“rdiff.lib(buf.obj)”或在“E:\HoneyBadger\git\Client\SyncClient\Debug\vc90.pdb”中寻找)；正在链接对象，如同没有调试信息一样
     1>rdiff.lib(checksum.obj) : warning LNK4099: 未找到 PDB“vc90.pdb”(使用“rdiff.lib(checksum.obj)”或在“E:\HoneyBadger\git\Client\SyncClient\Debug\vc90.pdb”中寻找)；正在链接对象，如同没有调试信息一样
     1>rdiff.lib(command.obj) : warning LNK4099: 未找到 PDB“vc90.pdb”(使用“rdiff.lib(command.obj)”或在“E:\HoneyBadger\git\Client\SyncClient\Debug\vc90.pdb”中寻找)；正在链接对象，如同没有调试信息一样
     1>rdiff.lib(delta.obj) : warning LNK4099: 未找到 PDB“vc90.pdb”(使用“rdiff.lib(delta.obj)”或在“E:\HoneyBadger\git\Client\SyncClient\Debug\vc90.pdb”中寻找)；正在链接对象，如同没有调试信息一样
     1>rdiff.lib(emit.obj) : warning LNK4099: 未找到 PDB“vc90.pdb”(使用“rdiff.lib(emit.obj)”或在“E:\HoneyBadger\git\Client\SyncClient\Debug\vc90.pdb”中寻找)；正在链接对象，如同没有调试信息一样
     1>rdiff.lib(hex.obj) : warning LNK4099: 未找到 PDB“vc90.pdb”(使用“rdiff.lib(hex.obj)”或在“E:\HoneyBadger\git\Client\SyncClient\Debug\vc90.pdb”中寻找)；正在链接对象，如同没有调试信息一样
     1>rdiff.lib(job.obj) : warning LNK4099: 未找到 PDB“vc90.pdb”(使用“rdiff.lib(job.obj)”或在“E:\HoneyBadger\git\Client\SyncClient\Debug\vc90.pdb”中寻找)；正在链接对象，如同没有调试信息一样
     1>rdiff.lib(mdfour.obj) : warning LNK4099: 未找到 PDB“vc90.pdb”(使用“rdiff.lib(mdfour.obj)”或在“E:\HoneyBadger\git\Client\SyncClient\Debug\vc90.pdb”中寻找)；正在链接对象，如同没有调试信息一样
     1>rdiff.lib(mksum.obj) : warning LNK4099: 未找到 PDB“vc90.pdb”(使用“rdiff.lib(mksum.obj)”或在“E:\HoneyBadger\git\Client\SyncClient\Debug\vc90.pdb”中寻找)；正在链接对象，如同没有调试信息一样
     1>rdiff.lib(msg.obj) : warning LNK4099: 未找到 PDB“vc90.pdb”(使用“rdiff.lib(msg.obj)”或在“E:\HoneyBadger\git\Client\SyncClient\Debug\vc90.pdb”中寻找)；正在链接对象，如同没有调试信息一样
     1>rdiff.lib(netint.obj) : warning LNK4099: 未找到 PDB“vc90.pdb”(使用“rdiff.lib(netint.obj)”或在“E:\HoneyBadger\git\Client\SyncClient\Debug\vc90.pdb”中寻找)；正在链接对象，如同没有调试信息一样
     1>rdiff.lib(patch.obj) : warning LNK4099: 未找到 PDB“vc90.pdb”(使用“rdiff.lib(patch.obj)”或在“E:\HoneyBadger\git\Client\SyncClient\Debug\vc90.pdb”中寻找)；正在链接对象，如同没有调试信息一样
     1>rdiff.lib(prototab.obj) : warning LNK4099: 未找到 PDB“vc90.pdb”(使用“rdiff.lib(prototab.obj)”或在“E:\HoneyBadger\git\Client\SyncClient\Debug\vc90.pdb”中寻找)；正在链接对象，如同没有调试信息一样
     1>rdiff.lib(readsums.obj) : warning LNK4099: 未找到 PDB“vc90.pdb”(使用“rdiff.lib(readsums.obj)”或在“E:\HoneyBadger\git\Client\SyncClient\Debug\vc90.pdb”中寻找)；正在链接对象，如同没有调试信息一样
     1>rdiff.lib(rollsum.obj) : warning LNK4099: 未找到 PDB“vc90.pdb”(使用“rdiff.lib(rollsum.obj)”或在“E:\HoneyBadger\git\Client\SyncClient\Debug\vc90.pdb”中寻找)；正在链接对象，如同没有调试信息一样
     1>rdiff.lib(scoop.obj) : warning LNK4099: 未找到 PDB“vc90.pdb”(使用“rdiff.lib(scoop.obj)”或在“E:\HoneyBadger\git\Client\SyncClient\Debug\vc90.pdb”中寻找)；正在链接对象，如同没有调试信息一样
     1>rdiff.lib(search.obj) : warning LNK4099: 未找到 PDB“vc90.pdb”(使用“rdiff.lib(search.obj)”或在“E:\HoneyBadger\git\Client\SyncClient\Debug\vc90.pdb”中寻找)；正在链接对象，如同没有调试信息一样
     1>rdiff.lib(stream.obj) : warning LNK4099: 未找到 PDB“vc90.pdb”(使用“rdiff.lib(stream.obj)”或在“E:\HoneyBadger\git\Client\SyncClient\Debug\vc90.pdb”中寻找)；正在链接对象，如同没有调试信息一样
     1>rdiff.lib(trace.obj) : warning LNK4099: 未找到 PDB“vc90.pdb”(使用“rdiff.lib(trace.obj)”或在“E:\HoneyBadger\git\Client\SyncClient\Debug\vc90.pdb”中寻找)；正在链接对象，如同没有调试信息一样
     1>rdiff.lib(tube.obj) : warning LNK4099: 未找到 PDB“vc90.pdb”(使用“rdiff.lib(tube.obj)”或在“E:\HoneyBadger\git\Client\SyncClient\Debug\vc90.pdb”中寻找)；正在链接对象，如同没有调试信息一样
     1>rdiff.lib(util.obj) : warning LNK4099: 未找到 PDB“vc90.pdb”(使用“rdiff.lib(util.obj)”或在“E:\HoneyBadger\git\Client\SyncClient\Debug\vc90.pdb”中寻找)；正在链接对象，如同没有调试信息一样
     1>rdiff.lib(whole.obj) : warning LNK4099: 未找到 PDB“vc90.pdb”(使用“rdiff.lib(whole.obj)”或在“E:\HoneyBadger\git\Client\SyncClient\Debug\vc90.pdb”中寻找)；正在链接对象，如同没有调试信息一样
       Manifest:
         正在删除文件“Debug\LibRsyncDll.dll.embed.manifest”。
         C:\Program Files (x86)\Microsoft SDKs\Windows\v7.0A\bin\mt.exe /nologo /verbose /out:"Debug\LibRsyncDll.dll.embed.manifest" /manifest Debug\LibRsyncDll.dll.intermediate.manifest
         C:\Program Files (x86)\Microsoft SDKs\Windows\v7.0A\bin\rc.exe /nologo /fo"Debug\LibRsyncDll.dll.embed.manifest.res" Debug\LibRsyncDll_manifest.rc 
       LinkEmbedManifest:
         C:\Program Files (x86)\Microsoft Visual Studio 10.0\VC\bin\link.exe /ERRORREPORT:PROMPT /OUT:"E:\HoneyBadger\git\Client\SyncClient\Debug\LibRsyncDll.dll" /INCREMENTAL /NOLOGO rdiff.lib kernel32.lib user32.lib gdi32.lib winspool.lib comdlg32.lib advapi32.lib shell32.lib ole32.lib oleaut32.lib uuid.lib odbc32.lib odbccp32.lib /DEF:"LibRsyncDll.def" /MANIFEST /ManifestFile:"Debug\LibRsyncDll.dll.intermediate.manifest" /MANIFESTUAC:"level='asInvoker' uiAccess='false'" /DEBUG /PDB:"E:\HoneyBadger\git\Client\SyncClient\Debug\LibRsyncDll.pdb" /SUBSYSTEM:WINDOWS /TLBID:1 /DYNAMICBASE /NXCOMPAT /IMPLIB:"E:\HoneyBadger\git\Client\SyncClient\Debug\LibRsyncDll.lib" /MACHINE:X86 /DLL Debug\LibRsyncDll.dll.embed.manifest.res
         Debug\dllmain.obj
         Debug\FileUtil.obj
         Debug\LibRsyncDll.obj
         Debug\stdafx.obj
            正在创建库 E:\HoneyBadger\git\Client\SyncClient\Debug\LibRsyncDll.lib 和对象 E:\HoneyBadger\git\Client\SyncClient\Debug\LibRsyncDll.exp
     1>rdiff.lib(buf.obj) : warning LNK4099: 未找到 PDB“vc90.pdb”(使用“rdiff.lib(buf.obj)”或在“E:\HoneyBadger\git\Client\SyncClient\Debug\vc90.pdb”中寻找)；正在链接对象，如同没有调试信息一样
     1>rdiff.lib(checksum.obj) : warning LNK4099: 未找到 PDB“vc90.pdb”(使用“rdiff.lib(checksum.obj)”或在“E:\HoneyBadger\git\Client\SyncClient\Debug\vc90.pdb”中寻找)；正在链接对象，如同没有调试信息一样
     1>rdiff.lib(command.obj) : warning LNK4099: 未找到 PDB“vc90.pdb”(使用“rdiff.lib(command.obj)”或在“E:\HoneyBadger\git\Client\SyncClient\Debug\vc90.pdb”中寻找)；正在链接对象，如同没有调试信息一样
     1>rdiff.lib(delta.obj) : warning LNK4099: 未找到 PDB“vc90.pdb”(使用“rdiff.lib(delta.obj)”或在“E:\HoneyBadger\git\Client\SyncClient\Debug\vc90.pdb”中寻找)；正在链接对象，如同没有调试信息一样
     1>rdiff.lib(emit.obj) : warning LNK4099: 未找到 PDB“vc90.pdb”(使用“rdiff.lib(emit.obj)”或在“E:\HoneyBadger\git\Client\SyncClient\Debug\vc90.pdb”中寻找)；正在链接对象，如同没有调试信息一样
     1>rdiff.lib(hex.obj) : warning LNK4099: 未找到 PDB“vc90.pdb”(使用“rdiff.lib(hex.obj)”或在“E:\HoneyBadger\git\Client\SyncClient\Debug\vc90.pdb”中寻找)；正在链接对象，如同没有调试信息一样
     1>rdiff.lib(job.obj) : warning LNK4099: 未找到 PDB“vc90.pdb”(使用“rdiff.lib(job.obj)”或在“E:\HoneyBadger\git\Client\SyncClient\Debug\vc90.pdb”中寻找)；正在链接对象，如同没有调试信息一样
     1>rdiff.lib(mdfour.obj) : warning LNK4099: 未找到 PDB“vc90.pdb”(使用“rdiff.lib(mdfour.obj)”或在“E:\HoneyBadger\git\Client\SyncClient\Debug\vc90.pdb”中寻找)；正在链接对象，如同没有调试信息一样
     1>rdiff.lib(mksum.obj) : warning LNK4099: 未找到 PDB“vc90.pdb”(使用“rdiff.lib(mksum.obj)”或在“E:\HoneyBadger\git\Client\SyncClient\Debug\vc90.pdb”中寻找)；正在链接对象，如同没有调试信息一样
     1>rdiff.lib(msg.obj) : warning LNK4099: 未找到 PDB“vc90.pdb”(使用“rdiff.lib(msg.obj)”或在“E:\HoneyBadger\git\Client\SyncClient\Debug\vc90.pdb”中寻找)；正在链接对象，如同没有调试信息一样
     1>rdiff.lib(netint.obj) : warning LNK4099: 未找到 PDB“vc90.pdb”(使用“rdiff.lib(netint.obj)”或在“E:\HoneyBadger\git\Client\SyncClient\Debug\vc90.pdb”中寻找)；正在链接对象，如同没有调试信息一样
     1>rdiff.lib(patch.obj) : warning LNK4099: 未找到 PDB“vc90.pdb”(使用“rdiff.lib(patch.obj)”或在“E:\HoneyBadger\git\Client\SyncClient\Debug\vc90.pdb”中寻找)；正在链接对象，如同没有调试信息一样
     1>rdiff.lib(prototab.obj) : warning LNK4099: 未找到 PDB“vc90.pdb”(使用“rdiff.lib(prototab.obj)”或在“E:\HoneyBadger\git\Client\SyncClient\Debug\vc90.pdb”中寻找)；正在链接对象，如同没有调试信息一样
     1>rdiff.lib(readsums.obj) : warning LNK4099: 未找到 PDB“vc90.pdb”(使用“rdiff.lib(readsums.obj)”或在“E:\HoneyBadger\git\Client\SyncClient\Debug\vc90.pdb”中寻找)；正在链接对象，如同没有调试信息一样
     1>rdiff.lib(rollsum.obj) : warning LNK4099: 未找到 PDB“vc90.pdb”(使用“rdiff.lib(rollsum.obj)”或在“E:\HoneyBadger\git\Client\SyncClient\Debug\vc90.pdb”中寻找)；正在链接对象，如同没有调试信息一样
     1>rdiff.lib(scoop.obj) : warning LNK4099: 未找到 PDB“vc90.pdb”(使用“rdiff.lib(scoop.obj)”或在“E:\HoneyBadger\git\Client\SyncClient\Debug\vc90.pdb”中寻找)；正在链接对象，如同没有调试信息一样
     1>rdiff.lib(search.obj) : warning LNK4099: 未找到 PDB“vc90.pdb”(使用“rdiff.lib(search.obj)”或在“E:\HoneyBadger\git\Client\SyncClient\Debug\vc90.pdb”中寻找)；正在链接对象，如同没有调试信息一样
     1>rdiff.lib(stream.obj) : warning LNK4099: 未找到 PDB“vc90.pdb”(使用“rdiff.lib(stream.obj)”或在“E:\HoneyBadger\git\Client\SyncClient\Debug\vc90.pdb”中寻找)；正在链接对象，如同没有调试信息一样
     1>rdiff.lib(trace.obj) : warning LNK4099: 未找到 PDB“vc90.pdb”(使用“rdiff.lib(trace.obj)”或在“E:\HoneyBadger\git\Client\SyncClient\Debug\vc90.pdb”中寻找)；正在链接对象，如同没有调试信息一样
     1>rdiff.lib(tube.obj) : warning LNK4099: 未找到 PDB“vc90.pdb”(使用“rdiff.lib(tube.obj)”或在“E:\HoneyBadger\git\Client\SyncClient\Debug\vc90.pdb”中寻找)；正在链接对象，如同没有调试信息一样
     1>rdiff.lib(util.obj) : warning LNK4099: 未找到 PDB“vc90.pdb”(使用“rdiff.lib(util.obj)”或在“E:\HoneyBadger\git\Client\SyncClient\Debug\vc90.pdb”中寻找)；正在链接对象，如同没有调试信息一样
     1>rdiff.lib(whole.obj) : warning LNK4099: 未找到 PDB“vc90.pdb”(使用“rdiff.lib(whole.obj)”或在“E:\HoneyBadger\git\Client\SyncClient\Debug\vc90.pdb”中寻找)；正在链接对象，如同没有调试信息一样
         LibRsyncDll.vcxproj -> E:\HoneyBadger\git\Client\SyncClient\Debug\LibRsyncDll.dll
       FinalizeBuildStatus:
         正在删除文件“Debug\LibRsyncDll.unsuccessfulbuild”。
         正在对“Debug\LibRsyncDll.lastbuildstate”执行 Touch 任务。
     1>已完成生成项目“E:\HoneyBadger\git\Client\LibRsyncDll\LibRsyncDll\LibRsyncDll.vcxproj”(rebuild 个目标)的操作。

生成成功。

已用时间 00:00:03.26
