E:\HoneyBadger\git\Client\LibRsyncDll\LibRsyncDll\Debug\cl.command.1.tlog
E:\HoneyBadger\git\Client\LibRsyncDll\LibRsyncDll\Debug\CL.read.1.tlog
E:\HoneyBadger\git\Client\LibRsyncDll\LibRsyncDll\Debug\CL.write.1.tlog
E:\HONEYBADGER\GIT\CLIENT\LIBRSYNCDLL\LIBRSYNCDLL\DEBUG\DLLMAIN.OBJ
E:\HONEYBADGER\GIT\CLIENT\LIBRSYNCDLL\LIBRSYNCDLL\DEBUG\FILEUTIL.OBJ
E:\HONEYBADGER\GIT\CLIENT\LIBRSYNCDLL\LIBRSYNCDLL\DEBUG\LIBRSYNCDLL.DLL.EMBED.MANIFEST
E:\HONEYBADGER\GIT\CLIENT\LIBRSYNCDLL\LIBRSYNCDLL\DEBUG\LIBRSYNCDLL.DLL.EMBED.MANIFEST.RES
E:\HONEYBADGER\GIT\CLIENT\LIBRSYNCDLL\LIBRSYNCDLL\DEBUG\LIBRSYNCDLL.DLL.INTERMEDIATE.MANIFEST
E:\HONEYBADGER\GIT\CLIENT\LIBRSYNCDLL\LIBRSYNCDLL\DEBUG\LIBRSYNCDLL.OBJ
E:\HONEYBADGER\GIT\CLIENT\LIBRSYNCDLL\LIBRSYNCDLL\DEBUG\LIBRSYNCDLL.PCH
E:\HoneyBadger\git\Client\LibRsyncDll\LibRsyncDll\Debug\LibRsyncDll.write.1.tlog
E:\HoneyBadger\git\Client\LibRsyncDll\LibRsyncDll\Debug\LibRsyncDll_manifest.rc
E:\HoneyBadger\git\Client\LibRsyncDll\LibRsyncDll\Debug\link.5508.read.1.tlog
E:\HoneyBadger\git\Client\LibRsyncDll\LibRsyncDll\Debug\link.5508.write.1.tlog
E:\HoneyBadger\git\Client\LibRsyncDll\LibRsyncDll\Debug\link.5508-cvtres.read.1.tlog
E:\HoneyBadger\git\Client\LibRsyncDll\LibRsyncDll\Debug\link.5508-cvtres.write.1.tlog
E:\HoneyBadger\git\Client\LibRsyncDll\LibRsyncDll\Debug\link.command.1.tlog
E:\HoneyBadger\git\Client\LibRsyncDll\LibRsyncDll\Debug\link.read.1.tlog
E:\HoneyBadger\git\Client\LibRsyncDll\LibRsyncDll\Debug\link.write.1.tlog
E:\HoneyBadger\git\Client\LibRsyncDll\LibRsyncDll\Debug\link-cvtres.read.1.tlog
E:\HoneyBadger\git\Client\LibRsyncDll\LibRsyncDll\Debug\link-cvtres.write.1.tlog
E:\HoneyBadger\git\Client\LibRsyncDll\LibRsyncDll\Debug\mt.command.1.tlog
E:\HoneyBadger\git\Client\LibRsyncDll\LibRsyncDll\Debug\mt.read.1.tlog
E:\HoneyBadger\git\Client\LibRsyncDll\LibRsyncDll\Debug\mt.write.1.tlog
E:\HoneyBadger\git\Client\LibRsyncDll\LibRsyncDll\Debug\rc.command.1.tlog
E:\HoneyBadger\git\Client\LibRsyncDll\LibRsyncDll\Debug\rc.read.1.tlog
E:\HoneyBadger\git\Client\LibRsyncDll\LibRsyncDll\Debug\rc.write.1.tlog
E:\HONEYBADGER\GIT\CLIENT\LIBRSYNCDLL\LIBRSYNCDLL\DEBUG\STDAFX.OBJ
E:\HoneyBadger\git\Client\LibRsyncDll\LibRsyncDll\Debug\vc100.idb
E:\HONEYBADGER\GIT\CLIENT\LIBRSYNCDLL\LIBRSYNCDLL\DEBUG\VC100.PDB
E:\HONEYBADGER\GIT\CLIENT\SYNCCLIENT\DEBUG\LIBRSYNCDLL.DLL
E:\HoneyBadger\git\Client\SyncClient\Debug\LibRsyncDll.exp
E:\HONEYBADGER\GIT\CLIENT\SYNCCLIENT\DEBUG\LIBRSYNCDLL.ILK
E:\HoneyBadger\git\Client\SyncClient\Debug\LibRsyncDll.lib
E:\HONEYBADGER\GIT\CLIENT\SYNCCLIENT\DEBUG\LIBRSYNCDLL.PDB
