.\..\rdiff.ilk
.\..\rdiff.pdb
E:\HONEYBADGER\GIT\LIBRSYNC\LIBRSYNC-0.9.7\PCBUILD\DEBUG\BASE64.OBJ
E:\HONEYBADGER\GIT\LIBRSYNC\LIBRSYNC-0.9.7\PCBUILD\DEBUG\BUF.OBJ
E:\HONEYBADGER\GIT\LIBRSYNC\LIBRSYNC-0.9.7\PCBUILD\DEBUG\CHECKSUM.OBJ
E:\HoneyBadger\git\librsync\librsync-0.9.7\PCbuild\Debug\cl.command.1.tlog
E:\HoneyBadger\git\librsync\librsync-0.9.7\PCbuild\Debug\CL.read.1.tlog
E:\HoneyBadger\git\librsync\librsync-0.9.7\PCbuild\Debug\CL.write.1.tlog
E:\HONEYBADGER\GIT\LIBRSYNC\LIBRSYNC-0.9.7\PCBUILD\DEBUG\COMMAND.OBJ
E:\HONEYBADGER\GIT\LIBRSYNC\LIBRSYNC-0.9.7\PCBUILD\DEBUG\DELTA.OBJ
E:\HONEYBADGER\GIT\LIBRSYNC\LIBRSYNC-0.9.7\PCBUILD\DEBUG\EMIT.OBJ
E:\HONEYBADGER\GIT\LIBRSYNC\LIBRSYNC-0.9.7\PCBUILD\DEBUG\FILEUTIL.OBJ
E:\HONEYBADGER\GIT\LIBRSYNC\LIBRSYNC-0.9.7\PCBUILD\DEBUG\FINDME.OBJ
E:\HONEYBADGER\GIT\LIBRSYNC\LIBRSYNC-0.9.7\PCBUILD\DEBUG\HEX.OBJ
E:\HONEYBADGER\GIT\LIBRSYNC\LIBRSYNC-0.9.7\PCBUILD\DEBUG\ISPREFIX.OBJ
E:\HONEYBADGER\GIT\LIBRSYNC\LIBRSYNC-0.9.7\PCBUILD\DEBUG\JOB.OBJ
E:\HoneyBadger\git\librsync\librsync-0.9.7\PCbuild\Debug\link.2144.read.1.tlog
E:\HoneyBadger\git\librsync\librsync-0.9.7\PCbuild\Debug\link.2144.write.1.tlog
E:\HoneyBadger\git\librsync\librsync-0.9.7\PCbuild\Debug\link.2144-cvtres.read.1.tlog
E:\HoneyBadger\git\librsync\librsync-0.9.7\PCbuild\Debug\link.2144-cvtres.write.1.tlog
E:\HoneyBadger\git\librsync\librsync-0.9.7\PCbuild\Debug\link.command.1.tlog
E:\HoneyBadger\git\librsync\librsync-0.9.7\PCbuild\Debug\link.read.1.tlog
E:\HoneyBadger\git\librsync\librsync-0.9.7\PCbuild\Debug\link.write.1.tlog
E:\HoneyBadger\git\librsync\librsync-0.9.7\PCbuild\Debug\link-cvtres.read.1.tlog
E:\HoneyBadger\git\librsync\librsync-0.9.7\PCbuild\Debug\link-cvtres.write.1.tlog
E:\HONEYBADGER\GIT\LIBRSYNC\LIBRSYNC-0.9.7\PCBUILD\DEBUG\MDFOUR.OBJ
E:\HONEYBADGER\GIT\LIBRSYNC\LIBRSYNC-0.9.7\PCBUILD\DEBUG\MKSUM.OBJ
E:\HONEYBADGER\GIT\LIBRSYNC\LIBRSYNC-0.9.7\PCBUILD\DEBUG\MSG.OBJ
E:\HoneyBadger\git\librsync\librsync-0.9.7\PCbuild\Debug\mt.command.1.tlog
E:\HoneyBadger\git\librsync\librsync-0.9.7\PCbuild\Debug\mt.read.1.tlog
E:\HoneyBadger\git\librsync\librsync-0.9.7\PCbuild\Debug\mt.write.1.tlog
E:\HONEYBADGER\GIT\LIBRSYNC\LIBRSYNC-0.9.7\PCBUILD\DEBUG\NETINT.OBJ
E:\HONEYBADGER\GIT\LIBRSYNC\LIBRSYNC-0.9.7\PCBUILD\DEBUG\PATCH.OBJ
E:\HONEYBADGER\GIT\LIBRSYNC\LIBRSYNC-0.9.7\PCBUILD\DEBUG\POPT.OBJ
E:\HONEYBADGER\GIT\LIBRSYNC\LIBRSYNC-0.9.7\PCBUILD\DEBUG\POPTCONFIG.OBJ
E:\HONEYBADGER\GIT\LIBRSYNC\LIBRSYNC-0.9.7\PCBUILD\DEBUG\POPTHELP.OBJ
E:\HONEYBADGER\GIT\LIBRSYNC\LIBRSYNC-0.9.7\PCBUILD\DEBUG\POPTPARSE.OBJ
E:\HONEYBADGER\GIT\LIBRSYNC\LIBRSYNC-0.9.7\PCBUILD\DEBUG\PROTOTAB.OBJ
E:\HoneyBadger\git\librsync\librsync-0.9.7\PCbuild\Debug\rc.command.1.tlog
E:\HoneyBadger\git\librsync\librsync-0.9.7\PCbuild\Debug\rc.read.1.tlog
E:\HoneyBadger\git\librsync\librsync-0.9.7\PCbuild\Debug\rc.write.1.tlog
E:\HONEYBADGER\GIT\LIBRSYNC\LIBRSYNC-0.9.7\PCBUILD\DEBUG\RDIFF.EXE.EMBED.MANIFEST
E:\HONEYBADGER\GIT\LIBRSYNC\LIBRSYNC-0.9.7\PCBUILD\DEBUG\RDIFF.EXE.EMBED.MANIFEST.RES
E:\HONEYBADGER\GIT\LIBRSYNC\LIBRSYNC-0.9.7\PCBUILD\DEBUG\RDIFF.EXE.INTERMEDIATE.MANIFEST
E:\HONEYBADGER\GIT\LIBRSYNC\LIBRSYNC-0.9.7\PCBUILD\DEBUG\RDIFF.OBJ
E:\HoneyBadger\git\librsync\librsync-0.9.7\PCbuild\Debug\rdiff_manifest.rc
E:\HONEYBADGER\GIT\LIBRSYNC\LIBRSYNC-0.9.7\PCBUILD\DEBUG\READSUMS.OBJ
E:\HONEYBADGER\GIT\LIBRSYNC\LIBRSYNC-0.9.7\PCBUILD\DEBUG\ROLLSUM.OBJ
E:\HONEYBADGER\GIT\LIBRSYNC\LIBRSYNC-0.9.7\PCBUILD\DEBUG\SCOOP.OBJ
E:\HONEYBADGER\GIT\LIBRSYNC\LIBRSYNC-0.9.7\PCBUILD\DEBUG\SEARCH.OBJ
E:\HONEYBADGER\GIT\LIBRSYNC\LIBRSYNC-0.9.7\PCBUILD\DEBUG\STATS.OBJ
E:\HONEYBADGER\GIT\LIBRSYNC\LIBRSYNC-0.9.7\PCBUILD\DEBUG\STREAM.OBJ
E:\HONEYBADGER\GIT\LIBRSYNC\LIBRSYNC-0.9.7\PCBUILD\DEBUG\SUMSET.OBJ
E:\HONEYBADGER\GIT\LIBRSYNC\LIBRSYNC-0.9.7\PCBUILD\DEBUG\TRACE.OBJ
E:\HONEYBADGER\GIT\LIBRSYNC\LIBRSYNC-0.9.7\PCBUILD\DEBUG\TUBE.OBJ
E:\HONEYBADGER\GIT\LIBRSYNC\LIBRSYNC-0.9.7\PCBUILD\DEBUG\UTIL.OBJ
E:\HoneyBadger\git\librsync\librsync-0.9.7\PCbuild\Debug\vc100.idb
E:\HONEYBADGER\GIT\LIBRSYNC\LIBRSYNC-0.9.7\PCBUILD\DEBUG\VC100.PDB
E:\HONEYBADGER\GIT\LIBRSYNC\LIBRSYNC-0.9.7\PCBUILD\DEBUG\VERSION.OBJ
E:\HONEYBADGER\GIT\LIBRSYNC\LIBRSYNC-0.9.7\PCBUILD\DEBUG\WHOLE.OBJ
E:\HONEYBADGER\GIT\LIBRSYNC\LIBRSYNC-0.9.7\RDIFF.EXE
E:\HONEYBADGER\GIT\LIBRSYNC\LIBRSYNC-0.9.7\RDIFF.ILK
E:\HONEYBADGER\GIT\LIBRSYNC\LIBRSYNC-0.9.7\RDIFF.PDB
